Build started 20-May-16 5:51:49 PM.
     1>Project "C:\Users\Daniel\documents\visual studio 2013\Projects\Win32Project5\Win32Project5\Win32Project5.vcxproj" on node 2 (Build target(s)).
     1>ClCompile:
         C:\Program Files (x86)\Microsoft Visual Studio 12.0\VC\bin\CL.exe /c /ZI /nologo /W3 /WX- /Od /Oy- /D WIN32 /D _DEBUG /D _WINDOWS /D _MBCS /Gm /EHsc /RTC1 /MDd /GS /fp:precise /Zc:wchar_t /Zc:forScope /Fo"Debug\\" /Fd"Debug\vc120.pdb" /Gd /TP /analyze- /errorReport:prompt Source.cpp
         Source.cpp
     1>c:\users\daniel\documents\visual studio 2013\projects\win32project5\win32project5\source.cpp(342): warning C4244: 'argument' : conversion from 'float' to 'int', possible loss of data
     1>c:\users\daniel\documents\visual studio 2013\projects\win32project5\win32project5\source.cpp(343): warning C4244: 'argument' : conversion from 'float' to 'int', possible loss of data
     1>c:\users\daniel\documents\visual studio 2013\projects\win32project5\win32project5\source.cpp(351): warning C4996: 'sprintf': This function or variable may be unsafe. Consider using sprintf_s instead. To disable deprecation, use _CRT_SECURE_NO_WARNINGS. See online help for details.
                 c:\program files (x86)\microsoft visual studio 12.0\vc\include\stdio.h(356) : see declaration of 'sprintf'
     1>c:\users\daniel\documents\visual studio 2013\projects\win32project5\win32project5\source.cpp(388): warning C4018: '<' : signed/unsigned mismatch
     1>c:\users\daniel\documents\visual studio 2013\projects\win32project5\win32project5\source.cpp(395): warning C4018: '<' : signed/unsigned mismatch
     1>c:\users\daniel\documents\visual studio 2013\projects\win32project5\win32project5\source.cpp(402): warning C4244: 'initializing' : conversion from 'double' to 'float', possible loss of data
     1>c:\users\daniel\documents\visual studio 2013\projects\win32project5\win32project5\source.cpp(403): warning C4244: 'initializing' : conversion from 'double' to 'float', possible loss of data
     1>c:\users\daniel\documents\visual studio 2013\projects\win32project5\win32project5\source.cpp(435): warning C4996: 'sprintf': This function or variable may be unsafe. Consider using sprintf_s instead. To disable deprecation, use _CRT_SECURE_NO_WARNINGS. See online help for details.
                 c:\program files (x86)\microsoft visual studio 12.0\vc\include\stdio.h(356) : see declaration of 'sprintf'
       Link:
         C:\Program Files (x86)\Microsoft Visual Studio 12.0\VC\bin\link.exe /ERRORREPORT:PROMPT /OUT:"C:\Users\Daniel\documents\visual studio 2013\Projects\Win32Project5\Debug\Win32Project5.exe" /INCREMENTAL /NOLOGO kernel32.lib user32.lib gdi32.lib winspool.lib comdlg32.lib advapi32.lib shell32.lib ole32.lib oleaut32.lib uuid.lib odbc32.lib odbccp32.lib /MANIFEST /MANIFESTUAC:"level='asInvoker' uiAccess='false'" /manifest:embed /DEBUG /PDB:"C:\Users\Daniel\documents\visual studio 2013\Projects\Win32Project5\Debug\Win32Project5.pdb" /SUBSYSTEM:WINDOWS /TLBID:1 /DYNAMICBASE /NXCOMPAT /IMPLIB:"C:\Users\Daniel\documents\visual studio 2013\Projects\Win32Project5\Debug\Win32Project5.lib" /MACHINE:X86 Debug\Win32Project5.res
         Debug\Source.obj
         Win32Project5.vcxproj -> C:\Users\Daniel\documents\visual studio 2013\Projects\Win32Project5\Debug\Win32Project5.exe
     1>Done Building Project "C:\Users\Daniel\documents\visual studio 2013\Projects\Win32Project5\Win32Project5\Win32Project5.vcxproj" (Build target(s)).

Build succeeded.

Time Elapsed 00:00:01.34
